{
  "RSpec": {
    "coverage": {
      "/Users/tam/projects/funny-movies/app/models/movie.rb": [
        null,
        null,
        1,
        1,
        1,
        null
      ],
      "/Users/tam/projects/funny-movies/app/models/application_record.rb": [
        null,
        null,
        1,
        1,
        null
      ],
      "/Users/tam/projects/funny-movies/app/models/user.rb": [
        null,
        null,
        1,
        1,
        1,
        null,
        1,
        5,
        5,
        3,
        null,
        null,
        null,
        null,
        null
      ],
      "/Users/tam/projects/funny-movies/app/helpers/application_helper.rb": [
        null,
        null,
        1,
        1,
        2,
        null,
        null
      ],
      "/Users/tam/projects/funny-movies/lib/exceptions.rb": [
        1,
        1,
        null
      ],
      "/Users/tam/projects/funny-movies/app/services/create_movie_service.rb": [
        null,
        null,
        1,
        1,
        1,
        4,
        4,
        null,
        null,
        1,
        4,
        null,
        3,
        null,
        null,
        null,
        null,
        null,
        null,
        1,
        1,
        10,
        7,
        null,
        1,
        null,
        null,
        null,
        1,
        6,
        null,
        null
      ],
      "/Users/tam/projects/funny-movies/app/controllers/application_controller.rb": [
        null,
        1,
        1,
        1,
        null,
        1,
        1,
        1,
        null,
        null,
        1,
        13,
        6,
        null,
        null,
        null,
        null,
        null
      ],
      "/Users/tam/projects/funny-movies/app/controllers/movies_controller.rb": [
        null,
        null,
        1,
        1,
        1,
        null,
        1,
        null,
        null,
        null,
        3,
        null,
        null,
        1,
        9,
        null,
        null,
        1,
        0,
        0,
        null,
        null,
        1,
        1,
        0,
        null,
        null,
        1,
        9,
        null,
        null
      ],
      "/Users/tam/projects/funny-movies/app/controllers/users_controller.rb": [
        null,
        null,
        1,
        1,
        3,
        1,
        null,
        3,
        3,
        null,
        null,
        1,
        1,
        1,
        null,
        1,
        1,
        4,
        null,
        null
      ],
      "/Users/tam/projects/funny-movies/app/channels/application_cable/channel.rb": [
        null,
        null,
        0,
        0,
        0,
        0
      ],
      "/Users/tam/projects/funny-movies/app/channels/application_cable/connection.rb": [
        null,
        null,
        0,
        0,
        0,
        0
      ],
      "/Users/tam/projects/funny-movies/app/jobs/application_job.rb": [
        null,
        null,
        0,
        null,
        null,
        null,
        null,
        null,
        0
      ],
      "/Users/tam/projects/funny-movies/app/mailers/application_mailer.rb": [
        null,
        null,
        0,
        0,
        0,
        0
      ]
    },
    "timestamp": 1575366894
  }
}
